Determining if the pthread_create exist failed with the following output:
Change Dir: /home/sreerag/Desktop/python/eyes/dlib-19.6/build/CMakeFiles/CMakeTmp

Run Build Command:"/usr/bin/make" "cmTC_562bb/fast"
/usr/bin/make -f CMakeFiles/cmTC_562bb.dir/build.make CMakeFiles/cmTC_562bb.dir/build
make[1]: Entering directory '/home/sreerag/Desktop/python/eyes/dlib-19.6/build/CMakeFiles/CMakeTmp'
Building C object CMakeFiles/cmTC_562bb.dir/CheckSymbolExists.c.o
/usr/bin/cc    -o CMakeFiles/cmTC_562bb.dir/CheckSymbolExists.c.o   -c /home/sreerag/Desktop/python/eyes/dlib-19.6/build/CMakeFiles/CMakeTmp/CheckSymbolExists.c
Linking C executable cmTC_562bb
/usr/bin/cmake -E cmake_link_script CMakeFiles/cmTC_562bb.dir/link.txt --verbose=1
/usr/bin/cc      -rdynamic CMakeFiles/cmTC_562bb.dir/CheckSymbolExists.c.o  -o cmTC_562bb 
CMakeFiles/cmTC_562bb.dir/CheckSymbolExists.c.o: In function `main':
CheckSymbolExists.c:(.text+0x1b): undefined reference to `pthread_create'
collect2: error: ld returned 1 exit status
CMakeFiles/cmTC_562bb.dir/build.make:97: recipe for target 'cmTC_562bb' failed
make[1]: *** [cmTC_562bb] Error 1
make[1]: Leaving directory '/home/sreerag/Desktop/python/eyes/dlib-19.6/build/CMakeFiles/CMakeTmp'
Makefile:126: recipe for target 'cmTC_562bb/fast' failed
make: *** [cmTC_562bb/fast] Error 2

File /home/sreerag/Desktop/python/eyes/dlib-19.6/build/CMakeFiles/CMakeTmp/CheckSymbolExists.c:
/* */
#include <pthread.h>

int main(int argc, char** argv)
{
  (void)argv;
#ifndef pthread_create
  return ((int*)(&pthread_create))[argc];
#else
  (void)argc;
  return 0;
#endif
}

Determining if the function pthread_create exists in the pthreads failed with the following output:
Change Dir: /home/sreerag/Desktop/python/eyes/dlib-19.6/build/CMakeFiles/CMakeTmp

Run Build Command:"/usr/bin/make" "cmTC_88a82/fast"
/usr/bin/make -f CMakeFiles/cmTC_88a82.dir/build.make CMakeFiles/cmTC_88a82.dir/build
make[1]: Entering directory '/home/sreerag/Desktop/python/eyes/dlib-19.6/build/CMakeFiles/CMakeTmp'
Building C object CMakeFiles/cmTC_88a82.dir/CheckFunctionExists.c.o
/usr/bin/cc   -DCHECK_FUNCTION_EXISTS=pthread_create   -o CMakeFiles/cmTC_88a82.dir/CheckFunctionExists.c.o   -c /usr/share/cmake-3.10/Modules/CheckFunctionExists.c
Linking C executable cmTC_88a82
/usr/bin/cmake -E cmake_link_script CMakeFiles/cmTC_88a82.dir/link.txt --verbose=1
/usr/bin/cc  -DCHECK_FUNCTION_EXISTS=pthread_create    -rdynamic CMakeFiles/cmTC_88a82.dir/CheckFunctionExists.c.o  -o cmTC_88a82 -lpthreads 
/usr/bin/ld: cannot find -lpthreads
collect2: error: ld returned 1 exit status
CMakeFiles/cmTC_88a82.dir/build.make:97: recipe for target 'cmTC_88a82' failed
make[1]: *** [cmTC_88a82] Error 1
make[1]: Leaving directory '/home/sreerag/Desktop/python/eyes/dlib-19.6/build/CMakeFiles/CMakeTmp'
Makefile:126: recipe for target 'cmTC_88a82/fast' failed
make: *** [cmTC_88a82/fast] Error 2


